<?xml version='1.0' encoding='UTF-8'?>
<testsuite hostname="azizbek" name="HweTest" tests="1" errors="0" failures="0" skipped="0" time="0.149" timestamp="2022-11-21T19:32:35">
                     <properties>
[...]
</properties>
                     <testcase classname="HweTest" name="Hw3.parser" time="0.149">
                                                 
                                               </testcase>
                     <system-out><![CDATA[]]></system-out>
                     <system-err><![CDATA[]]></system-err>
                   </testsuite>